{"C:\\Users\\david\\OneDrive\\Desktop\\SWE\\NearYou\\client\\src\\GeoPoint.ts": {"path":"C:\\Users\\david\\OneDrive\\Desktop\\SWE\\NearYou\\client\\src\\GeoPoint.ts","all":false,"statementMap":{"1":{"start":{"line":2,"column":0},"end":{"line":2,"column":23}},"2":{"start":{"line":3,"column":0},"end":{"line":3,"column":16}},"3":{"start":{"line":4,"column":0},"end":{"line":4,"column":33}},"4":{"start":{"line":5,"column":0},"end":{"line":5,"column":33}},"5":{"start":{"line":6,"column":0},"end":{"line":6,"column":8}},"8":{"start":{"line":9,"column":0},"end":{"line":9,"column":59}},"9":{"start":{"line":10,"column":0},"end":{"line":10,"column":31}},"10":{"start":{"line":11,"column":0},"end":{"line":11,"column":28}},"11":{"start":{"line":12,"column":0},"end":{"line":12,"column":91}},"12":{"start":{"line":13,"column":0},"end":{"line":13,"column":14}},"13":{"start":{"line":14,"column":0},"end":{"line":14,"column":9}},"15":{"start":{"line":16,"column":0},"end":{"line":16,"column":29}},"16":{"start":{"line":17,"column":0},"end":{"line":17,"column":115}},"17":{"start":{"line":18,"column":0},"end":{"line":18,"column":9}},"20":{"start":{"line":21,"column":0},"end":{"line":21,"column":47}},"21":{"start":{"line":22,"column":0},"end":{"line":22,"column":87}},"23":{"start":{"line":24,"column":0},"end":{"line":24,"column":46}},"24":{"start":{"line":25,"column":0},"end":{"line":25,"column":5}},"27":{"start":{"line":28,"column":0},"end":{"line":28,"column":61}},"28":{"start":{"line":29,"column":0},"end":{"line":29,"column":80}},"29":{"start":{"line":30,"column":0},"end":{"line":30,"column":81}},"31":{"start":{"line":32,"column":0},"end":{"line":32,"column":81}},"32":{"start":{"line":33,"column":0},"end":{"line":33,"column":5}},"35":{"start":{"line":36,"column":0},"end":{"line":36,"column":27}},"36":{"start":{"line":37,"column":0},"end":{"line":37,"column":29}},"37":{"start":{"line":38,"column":0},"end":{"line":38,"column":5}},"40":{"start":{"line":41,"column":0},"end":{"line":41,"column":28}},"41":{"start":{"line":42,"column":0},"end":{"line":42,"column":30}},"42":{"start":{"line":43,"column":0},"end":{"line":43,"column":5}},"43":{"start":{"line":44,"column":0},"end":{"line":44,"column":1}}},"s":{"1":1,"2":1,"3":2194,"4":2194,"5":2194,"8":1,"9":8,"10":1,"11":1,"12":1,"13":1,"15":8,"16":1,"17":1,"20":7,"21":7,"23":7,"24":8,"27":1,"28":11,"29":11,"31":11,"32":11,"35":1,"36":25,"37":25,"40":1,"41":25,"42":25,"43":1},"branchMap":{"0":{"type":"branch","line":3,"loc":{"start":{"line":3,"column":4},"end":{"line":6,"column":8}},"locations":[{"start":{"line":3,"column":4},"end":{"line":6,"column":8}}]},"1":{"type":"branch","line":9,"loc":{"start":{"line":9,"column":11},"end":{"line":25,"column":5}},"locations":[{"start":{"line":9,"column":11},"end":{"line":25,"column":5}}]},"2":{"type":"branch","line":10,"loc":{"start":{"line":10,"column":30},"end":{"line":14,"column":9}},"locations":[{"start":{"line":10,"column":30},"end":{"line":14,"column":9}}]},"3":{"type":"branch","line":14,"loc":{"start":{"line":14,"column":8},"end":{"line":16,"column":28}},"locations":[{"start":{"line":14,"column":8},"end":{"line":16,"column":28}}]},"4":{"type":"branch","line":16,"loc":{"start":{"line":16,"column":28},"end":{"line":18,"column":9}},"locations":[{"start":{"line":16,"column":28},"end":{"line":18,"column":9}}]},"5":{"type":"branch","line":18,"loc":{"start":{"line":18,"column":8},"end":{"line":24,"column":46}},"locations":[{"start":{"line":18,"column":8},"end":{"line":24,"column":46}}]},"6":{"type":"branch","line":28,"loc":{"start":{"line":28,"column":4},"end":{"line":33,"column":5}},"locations":[{"start":{"line":28,"column":4},"end":{"line":33,"column":5}}]},"7":{"type":"branch","line":36,"loc":{"start":{"line":36,"column":4},"end":{"line":38,"column":5}},"locations":[{"start":{"line":36,"column":4},"end":{"line":38,"column":5}}]},"8":{"type":"branch","line":41,"loc":{"start":{"line":41,"column":4},"end":{"line":43,"column":5}},"locations":[{"start":{"line":41,"column":4},"end":{"line":43,"column":5}}]}},"b":{"0":[2194],"1":[8],"2":[1],"3":[7],"4":[1],"5":[7],"6":[11],"7":[25],"8":[25]},"fnMap":{"0":{"name":"GeoPoint","decl":{"start":{"line":3,"column":4},"end":{"line":6,"column":8}},"loc":{"start":{"line":3,"column":4},"end":{"line":6,"column":8}},"line":3},"1":{"name":"radiusKmToGeoPoint","decl":{"start":{"line":9,"column":11},"end":{"line":25,"column":5}},"loc":{"start":{"line":9,"column":11},"end":{"line":25,"column":5}},"line":9},"2":{"name":"generateRandomPoint","decl":{"start":{"line":28,"column":4},"end":{"line":33,"column":5}},"loc":{"start":{"line":28,"column":4},"end":{"line":33,"column":5}},"line":28},"3":{"name":"getLatitude","decl":{"start":{"line":36,"column":4},"end":{"line":38,"column":5}},"loc":{"start":{"line":36,"column":4},"end":{"line":38,"column":5}},"line":36},"4":{"name":"getLongitude","decl":{"start":{"line":41,"column":4},"end":{"line":43,"column":5}},"loc":{"start":{"line":41,"column":4},"end":{"line":43,"column":5}},"line":41}},"f":{"0":2194,"1":8,"2":11,"3":25,"4":25}}
,"C:\\Users\\david\\OneDrive\\Desktop\\SWE\\NearYou\\client\\src\\Simulator.ts": {"path":"C:\\Users\\david\\OneDrive\\Desktop\\SWE\\NearYou\\client\\src\\Simulator.ts","all":false,"statementMap":{"0":{"start":{"line":1,"column":0},"end":{"line":1,"column":35}},"2":{"start":{"line":3,"column":0},"end":{"line":3,"column":47}},"4":{"start":{"line":5,"column":0},"end":{"line":5,"column":42}},"7":{"start":{"line":8,"column":0},"end":{"line":8,"column":53}},"8":{"start":{"line":9,"column":0},"end":{"line":9,"column":50}},"10":{"start":{"line":11,"column":0},"end":{"line":11,"column":16}},"11":{"start":{"line":12,"column":0},"end":{"line":12,"column":33}},"12":{"start":{"line":13,"column":0},"end":{"line":13,"column":48}},"13":{"start":{"line":14,"column":0},"end":{"line":14,"column":7}},"14":{"start":{"line":15,"column":0},"end":{"line":15,"column":44}},"15":{"start":{"line":16,"column":0},"end":{"line":16,"column":35}},"16":{"start":{"line":17,"column":0},"end":{"line":17,"column":11}},"17":{"start":{"line":18,"column":0},"end":{"line":18,"column":5}},"20":{"start":{"line":21,"column":0},"end":{"line":21,"column":44}},"21":{"start":{"line":22,"column":0},"end":{"line":22,"column":63}},"22":{"start":{"line":23,"column":0},"end":{"line":23,"column":17}},"23":{"start":{"line":24,"column":0},"end":{"line":24,"column":39}},"24":{"start":{"line":25,"column":0},"end":{"line":25,"column":27}},"25":{"start":{"line":26,"column":0},"end":{"line":26,"column":82}},"26":{"start":{"line":27,"column":0},"end":{"line":27,"column":23}},"27":{"start":{"line":28,"column":0},"end":{"line":28,"column":13}},"28":{"start":{"line":29,"column":0},"end":{"line":29,"column":9}},"31":{"start":{"line":32,"column":0},"end":{"line":32,"column":5}},"33":{"start":{"line":34,"column":0},"end":{"line":34,"column":46}},"34":{"start":{"line":35,"column":0},"end":{"line":35,"column":43}},"35":{"start":{"line":36,"column":0},"end":{"line":36,"column":53}},"36":{"start":{"line":37,"column":0},"end":{"line":37,"column":39}},"37":{"start":{"line":38,"column":0},"end":{"line":38,"column":30}},"38":{"start":{"line":39,"column":0},"end":{"line":39,"column":22}},"39":{"start":{"line":40,"column":0},"end":{"line":40,"column":13}},"40":{"start":{"line":41,"column":0},"end":{"line":41,"column":9}},"41":{"start":{"line":42,"column":0},"end":{"line":42,"column":30}},"42":{"start":{"line":43,"column":0},"end":{"line":43,"column":28}},"43":{"start":{"line":44,"column":0},"end":{"line":44,"column":67}},"44":{"start":{"line":45,"column":0},"end":{"line":45,"column":14}},"45":{"start":{"line":46,"column":0},"end":{"line":46,"column":9}},"57":{"start":{"line":58,"column":0},"end":{"line":58,"column":27}},"58":{"start":{"line":59,"column":0},"end":{"line":59,"column":5}},"61":{"start":{"line":62,"column":0},"end":{"line":62,"column":41}},"62":{"start":{"line":63,"column":0},"end":{"line":63,"column":30}},"63":{"start":{"line":64,"column":0},"end":{"line":64,"column":31}},"64":{"start":{"line":65,"column":0},"end":{"line":65,"column":103}},"65":{"start":{"line":66,"column":0},"end":{"line":66,"column":33}},"66":{"start":{"line":67,"column":0},"end":{"line":67,"column":38}},"67":{"start":{"line":68,"column":0},"end":{"line":68,"column":21}},"68":{"start":{"line":69,"column":0},"end":{"line":69,"column":43}},"69":{"start":{"line":70,"column":0},"end":{"line":70,"column":31}},"70":{"start":{"line":71,"column":0},"end":{"line":71,"column":97}},"71":{"start":{"line":72,"column":0},"end":{"line":72,"column":17}},"72":{"start":{"line":73,"column":0},"end":{"line":73,"column":107}},"73":{"start":{"line":74,"column":0},"end":{"line":74,"column":13}},"75":{"start":{"line":76,"column":0},"end":{"line":76,"column":29}},"76":{"start":{"line":77,"column":0},"end":{"line":77,"column":17}},"77":{"start":{"line":78,"column":0},"end":{"line":78,"column":5}},"79":{"start":{"line":80,"column":0},"end":{"line":80,"column":55}},"80":{"start":{"line":81,"column":0},"end":{"line":81,"column":13}},"91":{"start":{"line":92,"column":0},"end":{"line":92,"column":23}},"92":{"start":{"line":93,"column":0},"end":{"line":93,"column":22}},"93":{"start":{"line":94,"column":0},"end":{"line":94,"column":9}},"94":{"start":{"line":95,"column":0},"end":{"line":95,"column":5}},"95":{"start":{"line":96,"column":0},"end":{"line":96,"column":1}}},"s":{"0":1,"2":1,"4":1,"7":1,"8":1,"10":1,"11":6,"12":6,"13":6,"14":6,"15":12,"16":6,"17":6,"20":1,"21":1,"22":2,"23":2,"24":2,"25":0,"26":0,"27":0,"28":2,"31":1,"33":1,"34":4,"35":4,"36":5,"37":3,"38":3,"39":3,"40":5,"41":4,"42":1,"43":1,"44":1,"45":1,"57":3,"58":4,"61":1,"62":1,"63":1,"64":1,"65":1,"66":10,"67":2,"68":2,"69":2,"70":0,"71":0,"72":2,"73":2,"75":10,"76":1,"77":1,"79":1,"80":1,"91":1,"92":0,"93":0,"94":1,"95":1},"branchMap":{"0":{"type":"branch","line":11,"loc":{"start":{"line":11,"column":4},"end":{"line":18,"column":5}},"locations":[{"start":{"line":11,"column":4},"end":{"line":18,"column":5}}]},"1":{"type":"branch","line":15,"loc":{"start":{"line":15,"column":32},"end":{"line":17,"column":9}},"locations":[{"start":{"line":15,"column":32},"end":{"line":17,"column":9}}]},"2":{"type":"branch","line":21,"loc":{"start":{"line":21,"column":4},"end":{"line":32,"column":5}},"locations":[{"start":{"line":21,"column":4},"end":{"line":32,"column":5}}]},"3":{"type":"branch","line":22,"loc":{"start":{"line":22,"column":62},"end":{"line":29,"column":9}},"locations":[{"start":{"line":22,"column":62},"end":{"line":29,"column":9}}]},"4":{"type":"branch","line":25,"loc":{"start":{"line":25,"column":12},"end":{"line":28,"column":13}},"locations":[{"start":{"line":25,"column":12},"end":{"line":28,"column":13}}]},"5":{"type":"branch","line":34,"loc":{"start":{"line":34,"column":4},"end":{"line":59,"column":5}},"locations":[{"start":{"line":34,"column":4},"end":{"line":59,"column":5}}]},"6":{"type":"branch","line":36,"loc":{"start":{"line":36,"column":52},"end":{"line":41,"column":9}},"locations":[{"start":{"line":36,"column":52},"end":{"line":41,"column":9}}]},"7":{"type":"branch","line":37,"loc":{"start":{"line":37,"column":38},"end":{"line":40,"column":13}},"locations":[{"start":{"line":37,"column":38},"end":{"line":40,"column":13}}]},"8":{"type":"branch","line":42,"loc":{"start":{"line":42,"column":29},"end":{"line":46,"column":9}},"locations":[{"start":{"line":42,"column":29},"end":{"line":46,"column":9}}]},"9":{"type":"branch","line":46,"loc":{"start":{"line":46,"column":8},"end":{"line":58,"column":27}},"locations":[{"start":{"line":46,"column":8},"end":{"line":58,"column":27}}]},"10":{"type":"branch","line":62,"loc":{"start":{"line":62,"column":12},"end":{"line":78,"column":5}},"locations":[{"start":{"line":62,"column":12},"end":{"line":78,"column":5}}]},"11":{"type":"branch","line":66,"loc":{"start":{"line":66,"column":20},"end":{"line":77,"column":11}},"locations":[{"start":{"line":66,"column":20},"end":{"line":77,"column":11}}]},"12":{"type":"branch","line":67,"loc":{"start":{"line":67,"column":37},"end":{"line":74,"column":13}},"locations":[{"start":{"line":67,"column":37},"end":{"line":74,"column":13}}]},"13":{"type":"branch","line":70,"loc":{"start":{"line":70,"column":16},"end":{"line":72,"column":17}},"locations":[{"start":{"line":70,"column":16},"end":{"line":72,"column":17}}]},"14":{"type":"branch","line":80,"loc":{"start":{"line":80,"column":4},"end":{"line":95,"column":5}},"locations":[{"start":{"line":80,"column":4},"end":{"line":95,"column":5}}]},"15":{"type":"branch","line":92,"loc":{"start":{"line":92,"column":8},"end":{"line":94,"column":9}},"locations":[{"start":{"line":92,"column":8},"end":{"line":94,"column":9}}]}},"b":{"0":[6],"1":[12],"2":[1],"3":[2],"4":[0],"5":[4],"6":[5],"7":[3],"8":[1],"9":[3],"10":[1],"11":[10],"12":[2],"13":[0],"14":[1],"15":[0]},"fnMap":{"0":{"name":"Simulator","decl":{"start":{"line":11,"column":4},"end":{"line":18,"column":5}},"loc":{"start":{"line":11,"column":4},"end":{"line":18,"column":5}},"line":11},"1":{"name":"startSimulation","decl":{"start":{"line":21,"column":4},"end":{"line":32,"column":5}},"loc":{"start":{"line":21,"column":4},"end":{"line":32,"column":5}},"line":21},"2":{"name":"startRent","decl":{"start":{"line":34,"column":4},"end":{"line":59,"column":5}},"loc":{"start":{"line":34,"column":4},"end":{"line":59,"column":5}},"line":34},"3":{"name":"startRentsInRuntime","decl":{"start":{"line":62,"column":12},"end":{"line":78,"column":5}},"loc":{"start":{"line":62,"column":12},"end":{"line":78,"column":5}},"line":62},"4":{"name":"trackEndedUpdate","decl":{"start":{"line":80,"column":4},"end":{"line":95,"column":5}},"loc":{"start":{"line":80,"column":4},"end":{"line":95,"column":5}},"line":80}},"f":{"0":6,"1":1,"2":4,"3":1,"4":1}}
,"C:\\Users\\david\\OneDrive\\Desktop\\SWE\\NearYou\\client\\src\\SimulatorObserver.ts": {"path":"C:\\Users\\david\\OneDrive\\Desktop\\SWE\\NearYou\\client\\src\\SimulatorObserver.ts","all":true,"statementMap":{},"s":{},"branchMap":{"0":{"type":"branch","line":1,"loc":{"start":{"line":1,"column":151},"end":{"line":4,"column":1}},"locations":[{"start":{"line":1,"column":151},"end":{"line":4,"column":1}}]}},"b":{"0":[1]},"fnMap":{"0":{"name":"(empty-report)","decl":{"start":{"line":1,"column":151},"end":{"line":4,"column":1}},"loc":{"start":{"line":1,"column":151},"end":{"line":4,"column":1}},"line":1}},"f":{"0":1}}
,"C:\\Users\\david\\OneDrive\\Desktop\\SWE\\NearYou\\client\\src\\TrackFetcher.ts": {"path":"C:\\Users\\david\\OneDrive\\Desktop\\SWE\\NearYou\\client\\src\\TrackFetcher.ts","all":false,"statementMap":{"0":{"start":{"line":1,"column":0},"end":{"line":1,"column":42}},"1":{"start":{"line":2,"column":0},"end":{"line":2,"column":40}},"2":{"start":{"line":3,"column":0},"end":{"line":3,"column":38}},"5":{"start":{"line":6,"column":0},"end":{"line":6,"column":27}},"7":{"start":{"line":8,"column":0},"end":{"line":8,"column":45}},"8":{"start":{"line":9,"column":0},"end":{"line":9,"column":13}},"9":{"start":{"line":10,"column":0},"end":{"line":10,"column":50}},"11":{"start":{"line":12,"column":0},"end":{"line":12,"column":52}},"12":{"start":{"line":13,"column":0},"end":{"line":13,"column":65}},"14":{"start":{"line":15,"column":0},"end":{"line":15,"column":65}},"16":{"start":{"line":17,"column":0},"end":{"line":17,"column":30}},"17":{"start":{"line":18,"column":0},"end":{"line":18,"column":71}},"18":{"start":{"line":19,"column":0},"end":{"line":19,"column":57}},"19":{"start":{"line":20,"column":0},"end":{"line":20,"column":80}},"20":{"start":{"line":21,"column":0},"end":{"line":21,"column":43}},"21":{"start":{"line":22,"column":0},"end":{"line":22,"column":60}},"22":{"start":{"line":23,"column":0},"end":{"line":23,"column":49}},"23":{"start":{"line":24,"column":0},"end":{"line":24,"column":20}},"24":{"start":{"line":25,"column":0},"end":{"line":25,"column":44}},"25":{"start":{"line":26,"column":0},"end":{"line":26,"column":13}},"27":{"start":{"line":28,"column":0},"end":{"line":28,"column":75}},"28":{"start":{"line":29,"column":0},"end":{"line":29,"column":17}},"29":{"start":{"line":30,"column":0},"end":{"line":30,"column":61}},"30":{"start":{"line":31,"column":0},"end":{"line":31,"column":17}},"31":{"start":{"line":32,"column":0},"end":{"line":32,"column":15}},"32":{"start":{"line":33,"column":0},"end":{"line":33,"column":23}},"33":{"start":{"line":34,"column":0},"end":{"line":34,"column":67}},"34":{"start":{"line":35,"column":0},"end":{"line":35,"column":22}},"35":{"start":{"line":36,"column":0},"end":{"line":36,"column":9}},"36":{"start":{"line":37,"column":0},"end":{"line":37,"column":5}},"39":{"start":{"line":40,"column":0},"end":{"line":40,"column":48}},"40":{"start":{"line":41,"column":0},"end":{"line":41,"column":13}},"41":{"start":{"line":42,"column":0},"end":{"line":42,"column":90}},"42":{"start":{"line":43,"column":0},"end":{"line":43,"column":99}},"43":{"start":{"line":44,"column":0},"end":{"line":44,"column":80}},"44":{"start":{"line":45,"column":0},"end":{"line":45,"column":79}},"46":{"start":{"line":47,"column":0},"end":{"line":47,"column":78}},"47":{"start":{"line":48,"column":0},"end":{"line":48,"column":168}},"49":{"start":{"line":50,"column":0},"end":{"line":50,"column":41}},"50":{"start":{"line":51,"column":0},"end":{"line":51,"column":65}},"51":{"start":{"line":52,"column":0},"end":{"line":52,"column":14}},"53":{"start":{"line":54,"column":0},"end":{"line":54,"column":31}},"54":{"start":{"line":55,"column":0},"end":{"line":55,"column":32}},"55":{"start":{"line":56,"column":0},"end":{"line":56,"column":88}},"56":{"start":{"line":57,"column":0},"end":{"line":57,"column":18}},"57":{"start":{"line":58,"column":0},"end":{"line":58,"column":13}},"59":{"start":{"line":60,"column":0},"end":{"line":60,"column":28}},"60":{"start":{"line":61,"column":0},"end":{"line":61,"column":23}},"61":{"start":{"line":62,"column":0},"end":{"line":62,"column":79}},"62":{"start":{"line":63,"column":0},"end":{"line":63,"column":22}},"63":{"start":{"line":64,"column":0},"end":{"line":64,"column":9}},"64":{"start":{"line":65,"column":0},"end":{"line":65,"column":5}},"65":{"start":{"line":66,"column":0},"end":{"line":66,"column":1}}},"s":{"0":1,"1":1,"2":1,"5":1,"7":1,"8":4,"9":4,"11":3,"12":3,"14":3,"16":3,"17":3,"18":4,"19":1,"20":1,"21":1,"22":1,"23":4,"24":2,"25":2,"27":3,"28":1166,"29":1166,"30":1166,"31":3,"32":4,"33":1,"34":1,"35":1,"36":4,"39":1,"40":5,"41":5,"42":5,"43":5,"44":5,"46":5,"47":5,"49":5,"50":5,"51":5,"53":5,"54":1,"55":1,"56":1,"57":1,"59":4,"60":5,"61":1,"62":1,"63":1,"64":5,"65":1},"branchMap":{"0":{"type":"branch","line":8,"loc":{"start":{"line":8,"column":4},"end":{"line":37,"column":5}},"locations":[{"start":{"line":8,"column":4},"end":{"line":37,"column":5}}]},"1":{"type":"branch","line":10,"loc":{"start":{"line":10,"column":48},"end":{"line":19,"column":56}},"locations":[{"start":{"line":10,"column":48},"end":{"line":19,"column":56}}]},"2":{"type":"branch","line":19,"loc":{"start":{"line":19,"column":56},"end":{"line":24,"column":19}},"locations":[{"start":{"line":19,"column":56},"end":{"line":24,"column":19}}]},"3":{"type":"branch","line":24,"loc":{"start":{"line":24,"column":12},"end":{"line":26,"column":13}},"locations":[{"start":{"line":24,"column":12},"end":{"line":26,"column":13}}]},"4":{"type":"branch","line":26,"loc":{"start":{"line":26,"column":12},"end":{"line":33,"column":17}},"locations":[{"start":{"line":26,"column":12},"end":{"line":33,"column":17}}]},"5":{"type":"branch","line":33,"loc":{"start":{"line":33,"column":8},"end":{"line":36,"column":9}},"locations":[{"start":{"line":33,"column":8},"end":{"line":36,"column":9}}]},"6":{"type":"branch","line":22,"loc":{"start":{"line":22,"column":28},"end":{"line":22,"column":59}},"locations":[{"start":{"line":22,"column":28},"end":{"line":22,"column":59}}]},"7":{"type":"branch","line":28,"loc":{"start":{"line":28,"column":37},"end":{"line":32,"column":13}},"locations":[{"start":{"line":28,"column":37},"end":{"line":32,"column":13}}]},"8":{"type":"branch","line":40,"loc":{"start":{"line":40,"column":4},"end":{"line":65,"column":5}},"locations":[{"start":{"line":40,"column":4},"end":{"line":65,"column":5}}]},"9":{"type":"branch","line":54,"loc":{"start":{"line":54,"column":30},"end":{"line":58,"column":13}},"locations":[{"start":{"line":54,"column":30},"end":{"line":58,"column":13}}]},"10":{"type":"branch","line":58,"loc":{"start":{"line":58,"column":12},"end":{"line":61,"column":17}},"locations":[{"start":{"line":58,"column":12},"end":{"line":61,"column":17}}]},"11":{"type":"branch","line":61,"loc":{"start":{"line":61,"column":8},"end":{"line":64,"column":9}},"locations":[{"start":{"line":61,"column":8},"end":{"line":64,"column":9}}]}},"b":{"0":[4],"1":[3],"2":[1],"3":[2],"4":[3],"5":[1],"6":[2000],"7":[1166],"8":[5],"9":[1],"10":[4],"11":[1]},"fnMap":{"0":{"name":"fetchTrack","decl":{"start":{"line":8,"column":4},"end":{"line":37,"column":5}},"loc":{"start":{"line":8,"column":4},"end":{"line":37,"column":5}},"line":8},"1":{"name":"request","decl":{"start":{"line":40,"column":4},"end":{"line":65,"column":5}},"loc":{"start":{"line":40,"column":4},"end":{"line":65,"column":5}},"line":40}},"f":{"0":4,"1":5}}
,"C:\\Users\\david\\OneDrive\\Desktop\\SWE\\NearYou\\client\\src\\Tracker.ts": {"path":"C:\\Users\\david\\OneDrive\\Desktop\\SWE\\NearYou\\client\\src\\Tracker.ts","all":false,"statementMap":{"0":{"start":{"line":1,"column":0},"end":{"line":1,"column":42}},"1":{"start":{"line":2,"column":0},"end":{"line":2,"column":46}},"3":{"start":{"line":4,"column":0},"end":{"line":4,"column":50}},"6":{"start":{"line":7,"column":0},"end":{"line":7,"column":47}},"7":{"start":{"line":8,"column":0},"end":{"line":8,"column":47}},"9":{"start":{"line":10,"column":0},"end":{"line":10,"column":13}},"11":{"start":{"line":12,"column":0},"end":{"line":12,"column":45}},"12":{"start":{"line":13,"column":0},"end":{"line":13,"column":31}},"15":{"start":{"line":16,"column":0},"end":{"line":16,"column":16}},"16":{"start":{"line":17,"column":0},"end":{"line":17,"column":27}},"17":{"start":{"line":18,"column":0},"end":{"line":18,"column":35}},"18":{"start":{"line":19,"column":0},"end":{"line":19,"column":42}},"19":{"start":{"line":20,"column":0},"end":{"line":20,"column":7}},"20":{"start":{"line":21,"column":0},"end":{"line":21,"column":16}},"21":{"start":{"line":22,"column":0},"end":{"line":22,"column":5}},"24":{"start":{"line":25,"column":0},"end":{"line":25,"column":37}},"25":{"start":{"line":26,"column":0},"end":{"line":26,"column":33}},"27":{"start":{"line":28,"column":0},"end":{"line":28,"column":33}},"29":{"start":{"line":30,"column":0},"end":{"line":30,"column":48}},"30":{"start":{"line":31,"column":0},"end":{"line":31,"column":13}},"31":{"start":{"line":32,"column":0},"end":{"line":32,"column":64}},"32":{"start":{"line":33,"column":0},"end":{"line":33,"column":41}},"33":{"start":{"line":34,"column":0},"end":{"line":34,"column":23}},"34":{"start":{"line":35,"column":0},"end":{"line":35,"column":31}},"35":{"start":{"line":36,"column":0},"end":{"line":36,"column":9}},"37":{"start":{"line":38,"column":0},"end":{"line":38,"column":32}},"38":{"start":{"line":39,"column":0},"end":{"line":39,"column":5}},"60":{"start":{"line":61,"column":0},"end":{"line":61,"column":48}},"61":{"start":{"line":62,"column":0},"end":{"line":62,"column":77}},"63":{"start":{"line":64,"column":0},"end":{"line":64,"column":13}},"64":{"start":{"line":65,"column":0},"end":{"line":65,"column":119}},"65":{"start":{"line":66,"column":0},"end":{"line":66,"column":23}},"66":{"start":{"line":67,"column":0},"end":{"line":67,"column":97}},"67":{"start":{"line":68,"column":0},"end":{"line":68,"column":9}},"68":{"start":{"line":69,"column":0},"end":{"line":69,"column":5}},"71":{"start":{"line":72,"column":0},"end":{"line":72,"column":64}},"72":{"start":{"line":73,"column":0},"end":{"line":73,"column":13}},"73":{"start":{"line":74,"column":0},"end":{"line":74,"column":88}},"75":{"start":{"line":76,"column":0},"end":{"line":76,"column":30}},"76":{"start":{"line":77,"column":0},"end":{"line":77,"column":90}},"77":{"start":{"line":78,"column":0},"end":{"line":78,"column":56}},"78":{"start":{"line":79,"column":0},"end":{"line":79,"column":54}},"79":{"start":{"line":80,"column":0},"end":{"line":80,"column":73}},"80":{"start":{"line":81,"column":0},"end":{"line":81,"column":48}},"81":{"start":{"line":82,"column":0},"end":{"line":82,"column":82}},"82":{"start":{"line":83,"column":0},"end":{"line":83,"column":21}},"84":{"start":{"line":85,"column":0},"end":{"line":85,"column":46}},"85":{"start":{"line":86,"column":0},"end":{"line":86,"column":57}},"86":{"start":{"line":87,"column":0},"end":{"line":87,"column":17}},"88":{"start":{"line":89,"column":0},"end":{"line":89,"column":48}},"89":{"start":{"line":90,"column":0},"end":{"line":90,"column":76}},"90":{"start":{"line":91,"column":0},"end":{"line":91,"column":78}},"91":{"start":{"line":92,"column":0},"end":{"line":92,"column":54}},"92":{"start":{"line":93,"column":0},"end":{"line":93,"column":30}},"93":{"start":{"line":94,"column":0},"end":{"line":94,"column":29}},"94":{"start":{"line":95,"column":0},"end":{"line":95,"column":29}},"95":{"start":{"line":96,"column":0},"end":{"line":96,"column":19}},"97":{"start":{"line":98,"column":0},"end":{"line":98,"column":83}},"99":{"start":{"line":100,"column":0},"end":{"line":100,"column":28}},"100":{"start":{"line":101,"column":0},"end":{"line":101,"column":44}},"101":{"start":{"line":102,"column":0},"end":{"line":102,"column":23}},"102":{"start":{"line":103,"column":0},"end":{"line":103,"column":93}},"103":{"start":{"line":104,"column":0},"end":{"line":104,"column":9}},"104":{"start":{"line":105,"column":0},"end":{"line":105,"column":5}},"110":{"start":{"line":111,"column":0},"end":{"line":111,"column":31}},"111":{"start":{"line":112,"column":0},"end":{"line":112,"column":32}},"112":{"start":{"line":113,"column":0},"end":{"line":113,"column":5}},"117":{"start":{"line":118,"column":0},"end":{"line":118,"column":1}}},"s":{"0":1,"1":1,"3":1,"6":1,"7":1,"9":1,"11":1,"12":1,"15":1,"16":17,"17":17,"18":17,"19":17,"20":17,"21":17,"24":1,"25":4,"27":4,"29":4,"30":4,"31":4,"32":1,"33":4,"34":3,"35":3,"37":4,"38":4,"60":1,"61":4,"63":4,"64":4,"65":4,"66":1,"67":1,"68":4,"71":1,"72":1,"73":1,"75":1,"76":1,"77":1,"78":0,"79":0,"80":0,"81":0,"82":0,"84":0,"85":0,"86":0,"88":0,"89":0,"90":0,"91":0,"92":0,"93":0,"94":0,"95":0,"97":0,"99":0,"100":1,"101":1,"102":0,"103":0,"104":1,"110":1,"111":3,"112":3,"117":1},"branchMap":{"0":{"type":"branch","line":16,"loc":{"start":{"line":16,"column":4},"end":{"line":22,"column":5}},"locations":[{"start":{"line":16,"column":4},"end":{"line":22,"column":5}}]},"1":{"type":"branch","line":25,"loc":{"start":{"line":25,"column":4},"end":{"line":39,"column":5}},"locations":[{"start":{"line":25,"column":4},"end":{"line":39,"column":5}}]},"2":{"type":"branch","line":32,"loc":{"start":{"line":32,"column":62},"end":{"line":34,"column":17}},"locations":[{"start":{"line":32,"column":62},"end":{"line":34,"column":17}}]},"3":{"type":"branch","line":34,"loc":{"start":{"line":34,"column":8},"end":{"line":36,"column":9}},"locations":[{"start":{"line":34,"column":8},"end":{"line":36,"column":9}}]},"4":{"type":"branch","line":61,"loc":{"start":{"line":61,"column":4},"end":{"line":69,"column":5}},"locations":[{"start":{"line":61,"column":4},"end":{"line":69,"column":5}}]},"5":{"type":"branch","line":65,"loc":{"start":{"line":65,"column":117},"end":{"line":66,"column":17}},"locations":[{"start":{"line":65,"column":117},"end":{"line":66,"column":17}}]},"6":{"type":"branch","line":66,"loc":{"start":{"line":66,"column":8},"end":{"line":68,"column":9}},"locations":[{"start":{"line":66,"column":8},"end":{"line":68,"column":9}}]},"7":{"type":"branch","line":72,"loc":{"start":{"line":72,"column":4},"end":{"line":105,"column":5}},"locations":[{"start":{"line":72,"column":4},"end":{"line":105,"column":5}}]},"8":{"type":"branch","line":102,"loc":{"start":{"line":102,"column":8},"end":{"line":104,"column":9}},"locations":[{"start":{"line":102,"column":8},"end":{"line":104,"column":9}}]},"9":{"type":"branch","line":111,"loc":{"start":{"line":111,"column":4},"end":{"line":113,"column":5}},"locations":[{"start":{"line":111,"column":4},"end":{"line":113,"column":5}}]}},"b":{"0":[17],"1":[4],"2":[1],"3":[3],"4":[4],"5":[3],"6":[1],"7":[1],"8":[0],"9":[3]},"fnMap":{"0":{"name":"Tracker","decl":{"start":{"line":16,"column":4},"end":{"line":22,"column":5}},"loc":{"start":{"line":16,"column":4},"end":{"line":22,"column":5}},"line":16},"1":{"name":"activate","decl":{"start":{"line":25,"column":4},"end":{"line":39,"column":5}},"loc":{"start":{"line":25,"column":4},"end":{"line":39,"column":5}},"line":25},"2":{"name":"listenToAdv","decl":{"start":{"line":61,"column":4},"end":{"line":69,"column":5}},"loc":{"start":{"line":61,"column":4},"end":{"line":69,"column":5}},"line":61},"3":{"name":"eachMessageHandler","decl":{"start":{"line":62,"column":35},"end":{"line":62,"column":77}},"loc":{"start":{"line":62,"column":35},"end":{"line":62,"column":77}},"line":62},"4":{"name":"move","decl":{"start":{"line":72,"column":4},"end":{"line":105,"column":5}},"loc":{"start":{"line":72,"column":4},"end":{"line":105,"column":5}},"line":72},"5":{"name":"getIsAvailable","decl":{"start":{"line":111,"column":4},"end":{"line":113,"column":5}},"loc":{"start":{"line":111,"column":4},"end":{"line":113,"column":5}},"line":111}},"f":{"0":17,"1":4,"2":4,"3":0,"4":1,"5":3}}
,"C:\\Users\\david\\OneDrive\\Desktop\\SWE\\NearYou\\client\\src\\TrackerSubject.ts": {"path":"C:\\Users\\david\\OneDrive\\Desktop\\SWE\\NearYou\\client\\src\\TrackerSubject.ts","all":false,"statementMap":{"3":{"start":{"line":4,"column":0},"end":{"line":4,"column":38}},"7":{"start":{"line":8,"column":0},"end":{"line":8,"column":58}},"8":{"start":{"line":9,"column":0},"end":{"line":9,"column":51}},"9":{"start":{"line":10,"column":0},"end":{"line":10,"column":5}},"12":{"start":{"line":13,"column":0},"end":{"line":13,"column":65}},"13":{"start":{"line":14,"column":0},"end":{"line":14,"column":45}},"14":{"start":{"line":15,"column":0},"end":{"line":15,"column":28}},"15":{"start":{"line":16,"column":0},"end":{"line":16,"column":77}},"16":{"start":{"line":17,"column":0},"end":{"line":17,"column":14}},"17":{"start":{"line":18,"column":0},"end":{"line":18,"column":9}},"19":{"start":{"line":20,"column":0},"end":{"line":20,"column":13}},"20":{"start":{"line":21,"column":0},"end":{"line":21,"column":62}},"21":{"start":{"line":22,"column":0},"end":{"line":22,"column":23}},"22":{"start":{"line":23,"column":0},"end":{"line":23,"column":84}},"23":{"start":{"line":24,"column":0},"end":{"line":24,"column":9}},"24":{"start":{"line":25,"column":0},"end":{"line":25,"column":5}},"25":{"start":{"line":26,"column":0},"end":{"line":26,"column":1}}},"s":{"3":1,"7":1,"8":15,"9":15,"12":1,"13":4,"14":1,"15":1,"16":1,"17":1,"19":3,"20":3,"21":4,"22":1,"23":1,"24":4,"25":1},"branchMap":{"0":{"type":"branch","line":8,"loc":{"start":{"line":8,"column":4},"end":{"line":10,"column":5}},"locations":[{"start":{"line":8,"column":4},"end":{"line":10,"column":5}}]},"1":{"type":"branch","line":13,"loc":{"start":{"line":13,"column":4},"end":{"line":25,"column":5}},"locations":[{"start":{"line":13,"column":4},"end":{"line":25,"column":5}}]},"2":{"type":"branch","line":14,"loc":{"start":{"line":14,"column":44},"end":{"line":18,"column":9}},"locations":[{"start":{"line":14,"column":44},"end":{"line":18,"column":9}}]},"3":{"type":"branch","line":18,"loc":{"start":{"line":18,"column":8},"end":{"line":21,"column":62}},"locations":[{"start":{"line":18,"column":8},"end":{"line":21,"column":62}}]},"4":{"type":"branch","line":21,"loc":{"start":{"line":21,"column":60},"end":{"line":22,"column":17}},"locations":[{"start":{"line":21,"column":60},"end":{"line":22,"column":17}}]},"5":{"type":"branch","line":22,"loc":{"start":{"line":22,"column":8},"end":{"line":24,"column":9}},"locations":[{"start":{"line":22,"column":8},"end":{"line":24,"column":9}}]}},"b":{"0":[15],"1":[4],"2":[1],"3":[3],"4":[2],"5":[1]},"fnMap":{"0":{"name":"register","decl":{"start":{"line":8,"column":4},"end":{"line":10,"column":5}},"loc":{"start":{"line":8,"column":4},"end":{"line":10,"column":5}},"line":8},"1":{"name":"notifyTrackEnded","decl":{"start":{"line":13,"column":4},"end":{"line":25,"column":5}},"loc":{"start":{"line":13,"column":4},"end":{"line":25,"column":5}},"line":13}},"f":{"0":15,"1":4}}
}
